Start testing: Nov 21 16:12 IST
----------------------------------------------------------
1/3 Testing: ValidMovesTest.rook_test
1/3 Test: ValidMovesTest.rook_test
Command: "/home/harsh-kumar/Desktop/spe_final_project/VictorySquare/Chess Engine/build/tests/Tests" "--gtest_filter=ValidMovesTest.rook_test" "--gtest_also_run_disabled_tests"
Directory: /home/harsh-kumar/Desktop/spe_final_project/VictorySquare/Chess Engine/build/tests
"ValidMovesTest.rook_test" start time: Nov 21 16:12 IST
Output:
----------------------------------------------------------
Running main() from /home/harsh-kumar/Desktop/spe_final_project/VictorySquare/Chess Engine/googletest/googletest/src/gtest_main.cc
Note: Google Test filter = ValidMovesTest.rook_test
[==========] Running 1 test from 1 test suite.
[----------] Global test environment set-up.
[----------] 1 test from ValidMovesTest
[ RUN      ] ValidMovesTest.rook_test
[       OK ] ValidMovesTest.rook_test (0 ms)
[----------] 1 test from ValidMovesTest (0 ms total)

[----------] Global test environment tear-down
[==========] 1 test from 1 test suite ran. (0 ms total)
[  PASSED  ] 1 test.
<end of output>
Test time =   0.00 sec
----------------------------------------------------------
Test Passed.
"ValidMovesTest.rook_test" end time: Nov 21 16:12 IST
"ValidMovesTest.rook_test" time elapsed: 00:00:00
----------------------------------------------------------

2/3 Testing: ValidMovesTest.bishop_test
2/3 Test: ValidMovesTest.bishop_test
Command: "/home/harsh-kumar/Desktop/spe_final_project/VictorySquare/Chess Engine/build/tests/Tests" "--gtest_filter=ValidMovesTest.bishop_test" "--gtest_also_run_disabled_tests"
Directory: /home/harsh-kumar/Desktop/spe_final_project/VictorySquare/Chess Engine/build/tests
"ValidMovesTest.bishop_test" start time: Nov 21 16:12 IST
Output:
----------------------------------------------------------
Running main() from /home/harsh-kumar/Desktop/spe_final_project/VictorySquare/Chess Engine/googletest/googletest/src/gtest_main.cc
Note: Google Test filter = ValidMovesTest.bishop_test
[==========] Running 1 test from 1 test suite.
[----------] Global test environment set-up.
[----------] 1 test from ValidMovesTest
[ RUN      ] ValidMovesTest.bishop_test
[       OK ] ValidMovesTest.bishop_test (0 ms)
[----------] 1 test from ValidMovesTest (0 ms total)

[----------] Global test environment tear-down
[==========] 1 test from 1 test suite ran. (0 ms total)
[  PASSED  ] 1 test.
<end of output>
Test time =   0.00 sec
----------------------------------------------------------
Test Passed.
"ValidMovesTest.bishop_test" end time: Nov 21 16:12 IST
"ValidMovesTest.bishop_test" time elapsed: 00:00:00
----------------------------------------------------------

3/3 Testing: ValidMovesTest.pawn_test
3/3 Test: ValidMovesTest.pawn_test
Command: "/home/harsh-kumar/Desktop/spe_final_project/VictorySquare/Chess Engine/build/tests/Tests" "--gtest_filter=ValidMovesTest.pawn_test" "--gtest_also_run_disabled_tests"
Directory: /home/harsh-kumar/Desktop/spe_final_project/VictorySquare/Chess Engine/build/tests
"ValidMovesTest.pawn_test" start time: Nov 21 16:12 IST
Output:
----------------------------------------------------------
Running main() from /home/harsh-kumar/Desktop/spe_final_project/VictorySquare/Chess Engine/googletest/googletest/src/gtest_main.cc
Note: Google Test filter = ValidMovesTest.pawn_test
[==========] Running 1 test from 1 test suite.
[----------] Global test environment set-up.
[----------] 1 test from ValidMovesTest
[ RUN      ] ValidMovesTest.pawn_test
[       OK ] ValidMovesTest.pawn_test (0 ms)
[----------] 1 test from ValidMovesTest (0 ms total)

[----------] Global test environment tear-down
[==========] 1 test from 1 test suite ran. (0 ms total)
[  PASSED  ] 1 test.
<end of output>
Test time =   0.00 sec
----------------------------------------------------------
Test Passed.
"ValidMovesTest.pawn_test" end time: Nov 21 16:12 IST
"ValidMovesTest.pawn_test" time elapsed: 00:00:00
----------------------------------------------------------

End testing: Nov 21 16:12 IST
